<?xml version="1.0" encoding="UTF-8"?>
<testng-results ignored="0" total="4" passed="4" failed="0" skipped="0">
  <reporter-output>
  </reporter-output>
  <suite started-at="2018-11-28T14:38:03Z" name="Default suite" finished-at="2018-11-28T14:39:46Z" duration-ms="102814">
    <groups>
    </groups>
    <test started-at="2018-11-28T14:38:03Z" name="Default test" finished-at="2018-11-28T14:39:46Z" duration-ms="102814">
      <class name="in.zipgo.ZipgoKnowlarityData.KnowlaritycombinedReport">
        <test-method signature="deleteOldFile()[pri:1, instance:in.zipgo.ZipgoKnowlarityData.KnowlaritycombinedReport@2638011]" started-at="2018-11-28T20:08:03Z" name="deleteOldFile" finished-at="2018-11-28T20:08:03Z" duration-ms="18" status="PASS">
          <reporter-output>
          </reporter-output>
        </test-method> <!-- deleteOldFile -->
        <test-method signature="downloadData()[pri:2, instance:in.zipgo.ZipgoKnowlarityData.KnowlaritycombinedReport@2638011]" started-at="2018-11-28T20:08:03Z" name="downloadData" finished-at="2018-11-28T20:09:33Z" duration-ms="89526" status="PASS">
          <reporter-output>
          </reporter-output>
        </test-method> <!-- downloadData -->
        <test-method signature="IBDCallLogsDumpMail()[pri:4, instance:in.zipgo.ZipgoKnowlarityData.KnowlaritycombinedReport@2638011]" started-at="2018-11-28T20:09:33Z" name="IBDCallLogsDumpMail" finished-at="2018-11-28T20:09:41Z" duration-ms="8631" status="PASS">
          <reporter-output>
          </reporter-output>
        </test-method> <!-- IBDCallLogsDumpMail -->
        <test-method signature="DriverSupportIBDCallLogsDumpMail()[pri:5, instance:in.zipgo.ZipgoKnowlarityData.KnowlaritycombinedReport@2638011]" started-at="2018-11-28T20:09:41Z" name="DriverSupportIBDCallLogsDumpMail" finished-at="2018-11-28T20:09:46Z" duration-ms="4578" status="PASS">
          <reporter-output>
          </reporter-output>
        </test-method> <!-- DriverSupportIBDCallLogsDumpMail -->
      </class> <!-- in.zipgo.ZipgoKnowlarityData.KnowlaritycombinedReport -->
    </test> <!-- Default test -->
  </suite> <!-- Default suite -->
</testng-results>
