<?xml version="1.0" encoding="UTF-8"?>
<!-- Generated by org.testng.reporters.JUnitXMLReporter -->
<testsuite ignored="0" hostname="PRASHANTs-MacBook-Pro.local" failures="0" tests="4" name="Test" time="74.021" errors="0" timestamp="17 Nov 2018 07:34:01 GMT">
  <testcase classname="in.zipgo.ZipgoKnowlarityData.KnowlaritycombinedReport" name="deleteOldFile" time="0.016"/>
  <testcase classname="in.zipgo.ZipgoKnowlarityData.KnowlaritycombinedReport" name="downloadData" time="64.549"/>
  <testcase classname="in.zipgo.ZipgoKnowlarityData.KnowlaritycombinedReport" name="IBDCallLogsDumpMail" time="6.071"/>
  <testcase classname="in.zipgo.ZipgoKnowlarityData.KnowlaritycombinedReport" name="DriverSupportIBDCallLogsDumpMail" time="3.339"/>
</testsuite> <!-- Test -->
