<?xml version="1.0" encoding="UTF-8"?>
<!-- Generated by org.testng.reporters.JUnitXMLReporter -->
<testsuite ignored="0" hostname="PRASHANTs-MacBook-Pro.local" failures="0" tests="4" name="Default test" time="102.814" errors="0" timestamp="28 Nov 2018 14:39:46 GMT">
  <testcase classname="in.zipgo.ZipgoKnowlarityData.KnowlaritycombinedReport" name="deleteOldFile" time="0.018"/>
  <testcase classname="in.zipgo.ZipgoKnowlarityData.KnowlaritycombinedReport" name="downloadData" time="89.526"/>
  <testcase classname="in.zipgo.ZipgoKnowlarityData.KnowlaritycombinedReport" name="IBDCallLogsDumpMail" time="8.631"/>
  <testcase classname="in.zipgo.ZipgoKnowlarityData.KnowlaritycombinedReport" name="DriverSupportIBDCallLogsDumpMail" time="4.578"/>
</testsuite> <!-- Default test -->
